Build started 12/18/2015 6:17:36 PM.
     1>Project "C:\Users\Marina\Desktop\Sresidue\Project.vcxproj" on node 2 (Build target(s)).
     1>ClCompile:
         C:\Program Files (x86)\Microsoft Visual Studio 12.0\VC\bin\CL.exe /c /ZI /nologo /W3 /WX- /sdl /Od /Oy- /D WIN32 /D _DEBUG /D _CONSOLE /D _UNICODE /D UNICODE /Gm /EHsc /RTC1 /MDd /GS /fp:precise /Zc:wchar_t /Zc:forScope /Fo"Debug\\" /Fd"Debug\vc120.pdb" /Gd /TP /analyze- /errorReport:prompt GlobalFunction.cpp
         GlobalFunction.cpp
     1>c:\users\marina\desktop\sresidue\globalfunction.cpp(550): warning C4018: '<' : signed/unsigned mismatch
       Link:
         C:\Program Files (x86)\Microsoft Visual Studio 12.0\VC\bin\link.exe /ERRORREPORT:PROMPT /OUT:"C:\Users\Marina\Desktop\Sresidue\Debug\Project.exe" /INCREMENTAL /NOLOGO kernel32.lib user32.lib gdi32.lib winspool.lib comdlg32.lib advapi32.lib shell32.lib ole32.lib oleaut32.lib uuid.lib odbc32.lib odbccp32.lib /MANIFEST /MANIFESTUAC:"level='asInvoker' uiAccess='false'" /manifest:embed /DEBUG /PDB:"C:\Users\Marina\Desktop\Sresidue\Debug\Project.pdb" /SUBSYSTEM:CONSOLE /TLBID:1 /DYNAMICBASE /NXCOMPAT /IMPLIB:"C:\Users\Marina\Desktop\Sresidue\Debug\Project.lib" /MACHINE:X86 Debug\Project.res
         Debug\CartesianGeometry.obj
         Debug\CartesianPoint.obj
         Debug\Helanal.obj
         Debug\Helix.obj
         Debug\Main.obj
         Debug\Matrix.obj
         Debug\Msa.obj
         Debug\GlobalFunction.obj
         Debug\pssm.obj
         Debug\BaseCartesianPoint.obj
         Project.vcxproj -> C:\Users\Marina\Desktop\Sresidue\Debug\Project.exe
     1>Done Building Project "C:\Users\Marina\Desktop\Sresidue\Project.vcxproj" (Build target(s)).

Build succeeded.

Time Elapsed 00:00:01.51
